This is pdfTeX, Version 3.14159265-2.6-1.40.19 (MiKTeX 2.9.6630 64-bit) (preloaded format=latex 2018.8.19)  19 AUG 2018 15:24
entering extended mode
**./LinksAndMetadata.tex
(LinksAndMetadata.tex
LaTeX2e <2017-04-15>
Babel <3.18> and hyphenation patterns for 75 language(s) loaded.

! LaTeX Error: \usepackage before \documentclass.

See the LaTeX manual or LaTeX Companion for explanation.
Type  H <return>  for immediate help.
 ...                                              
                                                  
l.9 \usepackage{
                bibentry}
\usepackage may only appear in the document preamble, i.e.,
between \documentclass and \begin{document}.


! LaTeX Error: \usepackage before \documentclass.

See the LaTeX manual or LaTeX Companion for explanation.
Type  H <return>  for immediate help.
 ...                                              
                                                  
l.12 \usepackage[driverfallback=dvipdfm]{
                                         hyperref}%and inserted this one
\usepackage may only appear in the document preamble, i.e.,
between \documentclass and \begin{document}.

)
! Emergency stop.
<*> ./LinksAndMetadata.tex
                          
*** (job aborted, no legal \end found)

 
Here is how much of TeX's memory you used:
 9 strings out of 493306
 371 string characters out of 3138871
 53822 words of memory out of 3000000
 3660 multiletter control sequences out of 15000+200000
 3640 words of font info for 14 fonts, out of 3000000 for 9000
 1141 hyphenation exceptions out of 8191
 5i,0n,5p,139b,14s stack positions out of 5000i,500n,10000p,200000b,50000s
No pages of output.
