\BOOKMARK [0][-]{chapter.1}{Introduction}{}% 1
\BOOKMARK [0][-]{chapter.2}{Background Information and related work}{}% 2
\BOOKMARK [1][-]{section.2.1}{Outline of information sources used for development}{chapter.2}% 3
\BOOKMARK [1][-]{section.2.2}{Literature Review}{chapter.2}% 4
\BOOKMARK [1][-]{section.2.3}{Aims and Project Scope}{chapter.2}% 5
\BOOKMARK [1][-]{section.2.4}{Project Timeline}{chapter.2}% 6
\BOOKMARK [1][-]{section.2.5}{Work Balancing and Process Framework}{chapter.2}% 7
\BOOKMARK [0][-]{chapter.3}{Requirements and Analysis}{}% 8
\BOOKMARK [1][-]{section.3.1}{Problem Statement}{chapter.3}% 9
\BOOKMARK [1][-]{section.3.2}{Software Requirement Listing and Prioritization}{chapter.3}% 10
\BOOKMARK [2][-]{subsection.3.2.1}{Functional Requirements}{section.3.2}% 11
\BOOKMARK [2][-]{subsection.3.2.2}{Non Functional Requirements}{section.3.2}% 12
\BOOKMARK [1][-]{section.3.3}{Domain Modelling}{chapter.3}% 13
\BOOKMARK [1][-]{section.3.4}{Use Case Analysis}{chapter.3}% 14
\BOOKMARK [1][-]{section.3.5}{Use Case Diagram}{chapter.3}% 15
\BOOKMARK [1][-]{section.3.6}{Mock-ups}{chapter.3}% 16
\BOOKMARK [0][-]{chapter.4}{Design and Implementation}{}% 17
\BOOKMARK [1][-]{section.4.1}{Architecture and System Structure}{chapter.4}% 18
\BOOKMARK [1][-]{section.4.2}{Model-View-Controller Pattern}{chapter.4}% 19
\BOOKMARK [1][-]{section.4.3}{Design Class Diagram}{chapter.4}% 20
\BOOKMARK [1][-]{section.4.4}{Database Design}{chapter.4}% 21
\BOOKMARK [2][-]{subsection.4.4.1}{Introduction}{section.4.4}% 22
\BOOKMARK [2][-]{subsection.4.4.2}{Conceptual Schema}{section.4.4}% 23
\BOOKMARK [2][-]{subsection.4.4.3}{Logical Schema}{section.4.4}% 24
\BOOKMARK [2][-]{subsection.4.4.4}{Physical schema}{section.4.4}% 25
\BOOKMARK [1][-]{section.4.5}{Pages Implementation}{chapter.4}% 26
\BOOKMARK [2][-]{subsection.4.5.1}{``Register new operation'' Implementation}{section.4.5}% 27
\BOOKMARK [2][-]{subsection.4.5.2}{``Search for an operation'' Implementation}{section.4.5}% 28
\BOOKMARK [2][-]{subsection.4.5.3}{``Operation Details'' Implementation}{section.4.5}% 29
\BOOKMARK [0][-]{chapter.5}{Debugging, Testing and Results Evaluation}{}% 30
\BOOKMARK [1][-]{section.5.1}{Unit Testing with MSTest}{chapter.5}% 31
\BOOKMARK [1][-]{section.5.2}{Responsiveness Tests-Cross Browser Compatibility}{chapter.5}% 32
\BOOKMARK [1][-]{section.5.3}{System Testing}{chapter.5}% 33
\BOOKMARK [0][-]{chapter.6}{Conclusion and Project evaluation}{}% 34
\BOOKMARK [1][-]{section.6.1}{Project Goals}{chapter.6}% 35
\BOOKMARK [1][-]{section.6.2}{Fulfilment of Personal Aims}{chapter.6}% 36
\BOOKMARK [1][-]{section.6.3}{Critical Evaluation}{chapter.6}% 37
\BOOKMARK [1][-]{section.6.4}{Future Work}{chapter.6}% 38
\BOOKMARK [1][-]{section.6.5}{Conclusion}{chapter.6}% 39
\BOOKMARK [0][-]{section.6.5}{Appendices}{}% 40
\BOOKMARK [0][-]{appendix.A}{Source Code}{}% 41
\BOOKMARK [0][-]{appendix.B}{System Manual}{}% 42
\BOOKMARK [0][-]{appendix.B}{Bibliography}{}% 43
